<?xml version="1.0" encoding="UTF-8"?>
<testng-results ignored="0" total="1" passed="1" failed="0" skipped="0">
  <reporter-output>
  </reporter-output>
  <suite started-at="2022-04-12T09:25:30 IST" name="Default suite" finished-at="2022-04-12T09:25:50 IST" duration-ms="20717">
    <groups>
    </groups>
    <test started-at="2022-04-12T09:25:30 IST" name="Default test" finished-at="2022-04-12T09:25:50 IST" duration-ms="20717">
      <class name="testScripts.CreateCustomer">
        <test-method is-config="true" signature="launchBrowser()[pri:0, instance:testScripts.CreateCustomer@47eaca72]" started-at="2022-04-12T09:25:30 IST" name="launchBrowser" finished-at="2022-04-12T09:25:32 IST" duration-ms="2035" status="PASS">
          <reporter-output>
          </reporter-output>
        </test-method> <!-- launchBrowser -->
        <test-method is-config="true" signature="login()[pri:0, instance:testScripts.CreateCustomer@47eaca72]" started-at="2022-04-12T09:25:32 IST" name="login" finished-at="2022-04-12T09:25:41 IST" duration-ms="9053" status="PASS">
          <reporter-output>
          </reporter-output>
        </test-method> <!-- login -->
        <test-method signature="createCustomer()[pri:0, instance:testScripts.CreateCustomer@47eaca72]" started-at="2022-04-12T09:25:41 IST" name="createCustomer" finished-at="2022-04-12T09:25:48 IST" duration-ms="7603" status="PASS">
          <reporter-output>
          </reporter-output>
        </test-method> <!-- createCustomer -->
        <test-method is-config="true" signature="logout()[pri:0, instance:testScripts.CreateCustomer@47eaca72]" started-at="2022-04-12T09:25:48 IST" name="logout" finished-at="2022-04-12T09:25:50 IST" duration-ms="1882" status="PASS">
          <reporter-output>
          </reporter-output>
        </test-method> <!-- logout -->
        <test-method is-config="true" signature="close()[pri:0, instance:testScripts.CreateCustomer@47eaca72]" started-at="2022-04-12T09:25:50 IST" name="close" finished-at="2022-04-12T09:25:50 IST" duration-ms="105" status="PASS">
          <reporter-output>
          </reporter-output>
        </test-method> <!-- close -->
      </class> <!-- testScripts.CreateCustomer -->
    </test> <!-- Default test -->
  </suite> <!-- Default suite -->
</testng-results>
